0 info it worked if it ends with ok
1 verbose cli [ 'node', '/usr/local/bin/npm', 'install', 'socket.io*' ]
2 info using npm@1.2.18
3 info using node@v0.8.23
4 verbose read json /Users/user/www/c9/package.json
5 verbose read json /Users/user/www/c9/node_modules/connect/package.json
6 verbose read json /Users/user/www/c9/node_modules/ejs/package.json
7 verbose read json /Users/user/www/c9/node_modules/express/package.json
8 verbose read json /Users/user/www/c9/node_modules/expresso/package.json
9 verbose read json /Users/user/www/c9/node_modules/jade/package.json
10 verbose read json /Users/user/www/c9/node_modules/mongoose/package.json
11 verbose read json /Users/user/www/c9/node_modules/redis/package.json
12 verbose read json /Users/user/www/c9/node_modules/request/package.json
13 verbose read json /Users/user/www/c9/node_modules/socket.io/package.json
14 verbose read json /Users/user/www/c9/package.json
15 verbose cache add [ 'socket.io*', null ]
16 verbose cache add name=undefined spec="socket.io*" args=["socket.io*",null]
17 verbose parsed url { pathname: 'socket.io*',
17 verbose parsed url   path: 'socket.io*',
17 verbose parsed url   href: 'socket.io*' }
18 silly lockFile 30665224-socket-io socket.io*
19 verbose lock socket.io* /Users/user/.npm/30665224-socket-io.lock
20 silly lockFile 30665224-socket-io socket.io*
21 silly lockFile 30665224-socket-io socket.io*
22 verbose addNamed [ 'socket.io*', '' ]
23 verbose addNamed [ null, '' ]
24 silly lockFile 7dd5e65b-socket-io socket.io*@
25 verbose lock socket.io*@ /Users/user/.npm/7dd5e65b-socket-io.lock
26 silly addNameRange { name: 'socket.io*', range: '', hasData: false }
27 verbose url raw socket.io*
28 verbose url resolving [ 'https://registry.npmjs.org/', './socket.io*' ]
29 verbose url resolved https://registry.npmjs.org/socket.io*
30 info trying registry request attempt 1 at 12:47:43
31 http GET https://registry.npmjs.org/socket.io*
32 http 404 https://registry.npmjs.org/socket.io*
33 silly registry.get cb [ 404,
33 silly registry.get   { server: 'CouchDB/1.3.1 (Erlang OTP/R15B03)',
33 silly registry.get     date: 'Fri, 25 Oct 2013 09:47:46 GMT',
33 silly registry.get     'content-type': 'application/json',
33 silly registry.get     'content-length': '52',
33 silly registry.get     'cache-control': 'must-revalidate' } ]
34 silly lockFile 7dd5e65b-socket-io socket.io*@
35 silly lockFile 7dd5e65b-socket-io socket.io*@
36 error 404 'socket.io*' is not in the npm registry.
36 error 404 You should bug the author to publish it
36 error 404
36 error 404 Note that you can also install from a
36 error 404 tarball, folder, or http url, or git url.
37 error System Darwin 12.2.1
38 error command "node" "/usr/local/bin/npm" "install" "socket.io*"
39 error cwd /Users/user/www/c9
40 error node -v v0.8.23
41 error npm -v 1.2.18
42 error code E404
43 verbose exit [ 1, true ]
